\BOOKMARK [-1][-]{part.1}{I CVA Valuation}{}% 1
\BOOKMARK [0][-]{chapter.1}{Introduction to CVA}{part.1}% 2
\BOOKMARK [0][-]{chapter.2}{Data Collection}{part.1}% 3
\BOOKMARK [0][-]{chapter.3}{Forward-Rate Simulation in the Heath-Jarrow-Morton Family}{part.1}% 4
\BOOKMARK [1][-]{section.3.1}{Eigen-Values}{chapter.3}% 5
\BOOKMARK [1][-]{section.3.2}{Eigen-vectors}{chapter.3}% 6
\BOOKMARK [0][-]{chapter.4}{Monte Carlo Simulation of Intererst Rate Swap}{part.1}% 7
\BOOKMARK [-1][-]{part.2}{II Credit Portfolio Fair Spread and Sensitivity Analysis}{}% 8
\BOOKMARK [0][-]{chapter.5}{Introduction to CDS}{part.2}% 9
\BOOKMARK [1][-]{section.5.1}{Data Collection}{chapter.5}% 10
\BOOKMARK [1][-]{section.5.2}{Assumptions}{chapter.5}% 11
\BOOKMARK [1][-]{section.5.3}{Pricing}{chapter.5}% 12
\BOOKMARK [2][-]{subsection.5.3.1}{Vanilla CDS}{section.5.3}% 13
\BOOKMARK [2][-]{subsection.5.3.2}{Basket CDS}{section.5.3}% 14
\BOOKMARK [1][-]{section.5.4}{Monte Carlo Procedure}{chapter.5}% 15
\BOOKMARK [0][-]{chapter.6}{Market Implied Discount Factors}{part.2}% 16
\BOOKMARK [0][-]{chapter.7}{Implied Probability of Default}{part.2}% 17
\BOOKMARK [0][-]{chapter.8}{Correlations \046 Copula Parametrisation}{part.2}% 18
\BOOKMARK [1][-]{section.8.1}{Default Correlations \(Canonical Maximum Likelihood}{chapter.8}% 19
\BOOKMARK [2][-]{subsection.8.1.1}{Pearson Correlation}{section.8.1}% 20
\BOOKMARK [2][-]{subsection.8.1.2}{Rank Correlation}{section.8.1}% 21
\BOOKMARK [1][-]{section.8.2}{Extreme Value Theory}{chapter.8}% 22
\BOOKMARK [2][-]{subsection.8.2.1}{Kernel Smoothing}{section.8.2}% 23
\BOOKMARK [2][-]{subsection.8.2.2}{Generalised Pareto Distribution}{section.8.2}% 24
\BOOKMARK [2][-]{subsection.8.2.3}{Semi-parametric fitting}{section.8.2}% 25
\BOOKMARK [2][-]{subsection.8.2.4}{Semi-parametric Revised Rank Correlation}{section.8.2}% 26
\BOOKMARK [1][-]{section.8.3}{Random number generation}{chapter.8}% 27
\BOOKMARK [1][-]{section.8.4}{Sobol numbers}{chapter.8}% 28
\BOOKMARK [2][-]{subsection.8.4.1}{Gray code integer encoding}{section.8.4}% 29
\BOOKMARK [2][-]{subsection.8.4.2}{Initialisation}{section.8.4}% 30
\BOOKMARK [1][-]{section.8.5}{Copula Parametrisation \046 Calculation}{chapter.8}% 31
\BOOKMARK [0][-]{chapter.9}{Simulation \046 Observations}{part.2}% 32
\BOOKMARK [1][-]{section.9.1}{Estimation of Fair Spread by simulation}{chapter.9}% 33
\BOOKMARK [2][-]{subsection.9.1.1}{Reference name co-dependencies}{section.9.1}% 34
\BOOKMARK [2][-]{subsection.9.1.2}{Monte-Carlo Observations}{section.9.1}% 35
\BOOKMARK [0][-]{chapter.10}{Model Validation}{part.2}% 36
\BOOKMARK [1][-]{section.10.1}{Re-Pricing with Fair Spread to compare Premiums and Compensation}{chapter.10}% 37
\BOOKMARK [1][-]{section.10.2}{Comparison of spreads by instrument}{chapter.10}% 38
\BOOKMARK [1][-]{section.10.3}{Model Sensitivity to Recovery Rates}{chapter.10}% 39
\BOOKMARK [1][-]{section.10.4}{Model Sensitivity to Individual Reference Names}{chapter.10}% 40
\BOOKMARK [1][-]{section.10.5}{Model Sensitivity to Default Correlations}{chapter.10}% 41
\BOOKMARK [2][-]{subsection.10.5.1}{Gaussian Copula}{section.10.5}% 42
\BOOKMARK [2][-]{subsection.10.5.2}{Student's T Copula}{section.10.5}% 43
